\BOOKMARK [0][-]{chapter*.2}{Abstract}{}% 1
\BOOKMARK [0][-]{chapter*.3}{Resumen del trabajo}{}% 2
\BOOKMARK [0][-]{chapter*.4}{List of acronyms}{}% 3
\BOOKMARK [0][-]{chapter.1}{Introduction}{}% 4
\BOOKMARK [1][-]{section.1.1}{New spectrum for mobile communications}{chapter.1}% 5
\BOOKMARK [1][-]{section.1.2}{5G}{chapter.1}% 6
\BOOKMARK [1][-]{section.1.3}{Radio Spectrum for 5G}{chapter.1}% 7
\BOOKMARK [1][-]{section.1.4}{State of the Art}{chapter.1}% 8
\BOOKMARK [0][-]{chapter.2}{On the problem to set coverage obligations}{}% 9
\BOOKMARK [1][-]{section.2.1}{Mechanisms to allocate spectrum}{chapter.2}% 10
\BOOKMARK [1][-]{section.2.2}{Defining coverage obligations}{chapter.2}% 11
\BOOKMARK [1][-]{section.2.3}{Coverage obligations in the first digital dividend}{chapter.2}% 12
\BOOKMARK [2][-]{section*.13}{Spain}{section.2.3}% 13
\BOOKMARK [2][-]{figure.caption.14}{The United Kingdom}{section.2.3}% 14
\BOOKMARK [2][-]{table.caption.17}{France}{section.2.3}% 15
\BOOKMARK [2][-]{table.caption.19}{Germany}{section.2.3}% 16
\BOOKMARK [0][-]{chapter.3}{Methodology: MINERVA framework}{}% 17
\BOOKMARK [1][-]{section.3.1}{Original model}{chapter.3}% 18
\BOOKMARK [2][-]{subsection.3.1.1}{Initial data}{section.3.1}% 19
\BOOKMARK [2][-]{subsection.3.1.2}{Geotype segmentation and initialization}{section.3.1}% 20
\BOOKMARK [2][-]{subsection.3.1.3}{Scenario projections}{section.3.1}% 21
\BOOKMARK [2][-]{subsection.3.1.4}{Network dimensioning module}{section.3.1}% 22
\BOOKMARK [2][-]{subsection.3.1.5}{Cost assessment module}{section.3.1}% 23
\BOOKMARK [2][-]{subsection.3.1.6}{Model results}{section.3.1}% 24
\BOOKMARK [1][-]{section.3.2}{Contribution to the project}{chapter.3}% 25
\BOOKMARK [2][-]{subsection.3.2.1}{Coverage obligations options}{section.3.2}% 26
\BOOKMARK [2][-]{subsection.3.2.2}{Initial Data}{section.3.2}% 27
\BOOKMARK [2][-]{subsection.3.2.3}{Geotype segmentation and initialization}{section.3.2}% 28
\BOOKMARK [2][-]{subsection.3.2.4}{Scenario projections}{section.3.2}% 29
\BOOKMARK [2][-]{subsection.3.2.5}{Network dimensioning module}{section.3.2}% 30
\BOOKMARK [2][-]{subsection.3.2.6}{Cost assessment module}{section.3.2}% 31
\BOOKMARK [2][-]{subsection.3.2.7}{Model results}{section.3.2}% 32
\BOOKMARK [2][-]{subsection.3.2.8}{Visualization}{section.3.2}% 33
\BOOKMARK [0][-]{chapter.4}{Analysis and results}{}% 34
\BOOKMARK [1][-]{section.4.1}{700 MHz densification}{chapter.4}% 35
\BOOKMARK [1][-]{section.4.2}{Capacity expansion strategies comparison}{chapter.4}% 36
\BOOKMARK [1][-]{section.4.3}{Coverage obligation sets}{chapter.4}% 37
\BOOKMARK [2][-]{subsection.4.3.1}{Priority areas first}{section.4.3}% 38
\BOOKMARK [2][-]{subsection.4.3.2}{Less profitable areas first}{section.4.3}% 39
\BOOKMARK [2][-]{subsection.4.3.3}{Only rural areas}{section.4.3}% 40
\BOOKMARK [2][-]{subsection.4.3.4}{Nation-balanced}{section.4.3}% 41
\BOOKMARK [2][-]{subsection.4.3.5}{Comparison: Hybrid strategy }{section.4.3}% 42
\BOOKMARK [2][-]{subsection.4.3.6}{Comparison: 700 MHz densification}{section.4.3}% 43
\BOOKMARK [0][-]{chapter.5}{Conclusion and future work}{}% 44
\BOOKMARK [1][-]{table.caption.113}{Future work}{chapter.5}% 45
\BOOKMARK [0][-]{chapter*.115}{Appendix A: Social, economic and environmental impact of the thesis}{}% 46
\BOOKMARK [0][-]{chapter*.116}{Appendix B: Quotation of the project}{}% 47
\BOOKMARK [0][-]{chapter*.118}{Appendix C: How to use the model}{}% 48
\BOOKMARK [-1][-]{chapter*.119}{List of Figures}{}% 49
\BOOKMARK [-1][-]{chapter*.120}{List of Tables}{}% 50
\BOOKMARK [-1][-]{chapter*.121}{Bibliography}{}% 51
